<?xml version="1.0" encoding="UTF-8"?>
<coverage generated="1728520462711" clover="3.2.0">
  <project timestamp="1728520462711" name="All files">
    <metrics statements="21" coveredstatements="21" conditionals="6" coveredconditionals="6" methods="7" coveredmethods="7" elements="34" coveredelements="34" complexity="0" loc="21" ncloc="21" packages="1" files="2" classes="2"/>
    <file name="BankAccount.ts" path="/Users/sidneysousa/Workspaces/LP2_2024_2/exemplo01/src/models/BankAccount.ts">
      <metrics statements="17" coveredstatements="17" conditionals="6" coveredconditionals="6" methods="5" coveredmethods="5"/>
      <line num="3" count="1" type="stmt"/>
      <line num="10" count="6" type="stmt"/>
      <line num="11" count="6" type="stmt"/>
      <line num="12" count="6" type="stmt"/>
      <line num="13" count="6" type="stmt"/>
      <line num="17" count="1" type="stmt"/>
      <line num="18" count="4" type="cond" truecount="2" falsecount="0"/>
      <line num="19" count="3" type="stmt"/>
      <line num="21" count="1" type="stmt"/>
      <line num="25" count="1" type="stmt"/>
      <line num="26" count="3" type="cond" truecount="4" falsecount="0"/>
      <line num="27" count="1" type="stmt"/>
      <line num="29" count="2" type="stmt"/>
      <line num="33" count="1" type="stmt"/>
      <line num="34" count="6" type="stmt"/>
      <line num="39" count="6" type="stmt"/>
      <line num="41" count="1" type="stmt"/>
    </file>
    <file name="Client.ts" path="/Users/sidneysousa/Workspaces/LP2_2024_2/exemplo01/src/models/Client.ts">
      <metrics statements="4" coveredstatements="4" conditionals="0" coveredconditionals="0" methods="2" coveredmethods="2"/>
      <line num="1" count="1" type="stmt"/>
      <line num="6" count="1" type="stmt"/>
      <line num="7" count="1" type="stmt"/>
      <line num="9" count="1" type="stmt"/>
    </file>
  </project>
</coverage>
