<?xml version="1.0" encoding="UTF-8"?>
<coverage generated="1727922770652" clover="3.2.0">
  <project timestamp="1727922770652" name="All files">
    <metrics statements="21" coveredstatements="15" conditionals="6" coveredconditionals="0" methods="7" coveredmethods="5" elements="34" coveredelements="20" complexity="0" loc="21" ncloc="21" packages="1" files="2" classes="2"/>
    <file name="BankAccount.ts" path="/Users/sidneysousa/Workspaces/LP2_2024_2/exemplo01/src/models/BankAccount.ts">
      <metrics statements="17" coveredstatements="11" conditionals="6" coveredconditionals="0" methods="5" coveredmethods="3"/>
      <line num="3" count="1" type="stmt"/>
      <line num="10" count="1" type="stmt"/>
      <line num="11" count="1" type="stmt"/>
      <line num="12" count="1" type="stmt"/>
      <line num="13" count="1" type="stmt"/>
      <line num="16" count="1" type="stmt"/>
      <line num="17" count="0" type="cond" truecount="0" falsecount="2"/>
      <line num="18" count="0" type="stmt"/>
      <line num="20" count="0" type="stmt"/>
      <line num="24" count="1" type="stmt"/>
      <line num="25" count="0" type="cond" truecount="0" falsecount="4"/>
      <line num="26" count="0" type="stmt"/>
      <line num="28" count="0" type="stmt"/>
      <line num="32" count="1" type="stmt"/>
      <line num="33" count="1" type="stmt"/>
      <line num="38" count="1" type="stmt"/>
      <line num="40" count="1" type="stmt"/>
    </file>
    <file name="Client.ts" path="/Users/sidneysousa/Workspaces/LP2_2024_2/exemplo01/src/models/Client.ts">
      <metrics statements="4" coveredstatements="4" conditionals="0" coveredconditionals="0" methods="2" coveredmethods="2"/>
      <line num="1" count="1" type="stmt"/>
      <line num="6" count="1" type="stmt"/>
      <line num="7" count="1" type="stmt"/>
      <line num="9" count="1" type="stmt"/>
    </file>
  </project>
</coverage>
