{"/Users/sidneysousa/Workspaces/LP2_2024_2/exemplo01/src/models/BankAccount.ts": {"path":"/Users/sidneysousa/Workspaces/LP2_2024_2/exemplo01/src/models/BankAccount.ts","statementMap":{"0":{"start":{"line":3,"column":0},"end":{"line":3,"column":13}},"1":{"start":{"line":10,"column":4},"end":{"line":10,"column":25}},"2":{"start":{"line":11,"column":4},"end":{"line":11,"column":25}},"3":{"start":{"line":12,"column":4},"end":{"line":12,"column":22}},"4":{"start":{"line":13,"column":4},"end":{"line":13,"column":25}},"5":{"start":{"line":17,"column":2},"end":{"line":23,"column":null}},"6":{"start":{"line":18,"column":4},"end":{"line":22,"column":5}},"7":{"start":{"line":19,"column":6},"end":{"line":19,"column":29}},"8":{"start":{"line":21,"column":6},"end":{"line":21,"column":44}},"9":{"start":{"line":25,"column":2},"end":{"line":31,"column":null}},"10":{"start":{"line":26,"column":4},"end":{"line":30,"column":5}},"11":{"start":{"line":27,"column":6},"end":{"line":27,"column":29}},"12":{"start":{"line":29,"column":6},"end":{"line":29,"column":77}},"13":{"start":{"line":33,"column":2},"end":{"line":40,"column":null}},"14":{"start":{"line":34,"column":22},"end":{"line":37,"column":6}},"15":{"start":{"line":39,"column":4},"end":{"line":39,"column":43}},"16":{"start":{"line":41,"column":0},"end":{"line":41,"column":null}},"17":{"start":{"line":3,"column":13},"end":{"line":3,"column":24}}},"fnMap":{"0":{"name":"(anonymous_0)","decl":{"start":{"line":3,"column":0},"end":{"line":3,"column":13}},"loc":{"start":{"line":3,"column":0},"end":{"line":41,"column":null}}},"1":{"name":"BankAccount","decl":{"start":{"line":9,"column":2},"end":{"line":9,"column":14}},"loc":{"start":{"line":9,"column":60},"end":{"line":14,"column":3}}},"2":{"name":"(anonymous_2)","decl":{"start":{"line":17,"column":2},"end":{"line":17,"column":9}},"loc":{"start":{"line":17,"column":23},"end":{"line":23,"column":3}}},"3":{"name":"(anonymous_3)","decl":{"start":{"line":25,"column":2},"end":{"line":25,"column":10}},"loc":{"start":{"line":25,"column":24},"end":{"line":31,"column":3}}},"4":{"name":"(anonymous_4)","decl":{"start":{"line":33,"column":2},"end":{"line":33,"column":11}},"loc":{"start":{"line":33,"column":2},"end":{"line":40,"column":3}}}},"branchMap":{"0":{"loc":{"start":{"line":18,"column":4},"end":{"line":22,"column":5}},"type":"if","locations":[{"start":{"line":18,"column":4},"end":{"line":22,"column":5}},{"start":{"line":20,"column":11},"end":{"line":22,"column":5}}]},"1":{"loc":{"start":{"line":26,"column":4},"end":{"line":30,"column":5}},"type":"if","locations":[{"start":{"line":26,"column":4},"end":{"line":30,"column":5}},{"start":{"line":28,"column":11},"end":{"line":30,"column":5}}]},"2":{"loc":{"start":{"line":26,"column":8},"end":{"line":26,"column":43}},"type":"binary-expr","locations":[{"start":{"line":26,"column":8},"end":{"line":26,"column":17}},{"start":{"line":26,"column":21},"end":{"line":26,"column":43}}]}},"s":{"0":1,"1":6,"2":6,"3":6,"4":6,"5":1,"6":4,"7":3,"8":1,"9":1,"10":3,"11":1,"12":2,"13":1,"14":6,"15":6,"16":1,"17":1},"f":{"0":1,"1":6,"2":4,"3":3,"4":6},"b":{"0":[3,1],"1":[1,2],"2":[3,2]}}
,"/Users/sidneysousa/Workspaces/LP2_2024_2/exemplo01/src/models/Client.ts": {"path":"/Users/sidneysousa/Workspaces/LP2_2024_2/exemplo01/src/models/Client.ts","statementMap":{"0":{"start":{"line":1,"column":0},"end":{"line":1,"column":13}},"1":{"start":{"line":6,"column":4},"end":{"line":6,"column":21}},"2":{"start":{"line":7,"column":4},"end":{"line":7,"column":19}},"3":{"start":{"line":9,"column":0},"end":{"line":9,"column":null}},"4":{"start":{"line":1,"column":13},"end":{"line":1,"column":19}}},"fnMap":{"0":{"name":"(anonymous_0)","decl":{"start":{"line":1,"column":0},"end":{"line":1,"column":13}},"loc":{"start":{"line":1,"column":0},"end":{"line":9,"column":null}}},"1":{"name":"Client","decl":{"start":{"line":5,"column":2},"end":{"line":5,"column":14}},"loc":{"start":{"line":5,"column":39},"end":{"line":8,"column":3}}}},"branchMap":{},"s":{"0":1,"1":1,"2":1,"3":1,"4":1},"f":{"0":1,"1":1},"b":{}}
}
