TN:
SF:src/models/BankAccount.ts
FN:3,(anonymous_0)
FN:9,BankAccount
FN:17,(anonymous_2)
FN:25,(anonymous_3)
FN:33,(anonymous_4)
FNF:5
FNH:5
FNDA:1,(anonymous_0)
FNDA:6,BankAccount
FNDA:4,(anonymous_2)
FNDA:3,(anonymous_3)
FNDA:6,(anonymous_4)
DA:3,1
DA:10,6
DA:11,6
DA:12,6
DA:13,6
DA:17,1
DA:18,4
DA:19,3
DA:21,1
DA:25,1
DA:26,3
DA:27,1
DA:29,2
DA:33,1
DA:34,6
DA:39,6
DA:41,1
LF:17
LH:17
BRDA:18,0,0,3
BRDA:18,0,1,1
BRDA:26,1,0,1
BRDA:26,1,1,2
BRDA:26,2,0,3
BRDA:26,2,1,2
BRF:6
BRH:6
end_of_record
TN:
SF:src/models/Client.ts
FN:1,(anonymous_0)
FN:5,Client
FNF:2
FNH:2
FNDA:1,(anonymous_0)
FNDA:1,Client
DA:1,1
DA:6,1
DA:7,1
DA:9,1
LF:4
LH:4
BRF:0
BRH:0
end_of_record
