TN:
SF:src/models/BankAccount.ts
FN:3,(anonymous_0)
FN:9,BankAccount
FN:16,(anonymous_2)
FN:24,(anonymous_3)
FN:32,(anonymous_4)
FNF:5
FNH:3
FNDA:1,(anonymous_0)
FNDA:1,BankAccount
FNDA:0,(anonymous_2)
FNDA:0,(anonymous_3)
FNDA:1,(anonymous_4)
DA:3,1
DA:10,1
DA:11,1
DA:12,1
DA:13,1
DA:16,1
DA:17,0
DA:18,0
DA:20,0
DA:24,1
DA:25,0
DA:26,0
DA:28,0
DA:32,1
DA:33,1
DA:38,1
DA:40,1
LF:17
LH:11
BRDA:17,0,0,0
BRDA:17,0,1,0
BRDA:25,1,0,0
BRDA:25,1,1,0
BRDA:25,2,0,0
BRDA:25,2,1,0
BRF:6
BRH:0
end_of_record
TN:
SF:src/models/Client.ts
FN:1,(anonymous_0)
FN:5,Client
FNF:2
FNH:2
FNDA:1,(anonymous_0)
FNDA:1,Client
DA:1,1
DA:6,1
DA:7,1
DA:9,1
LF:4
LH:4
BRF:0
BRH:0
end_of_record
